#
# There is insufficient memory for the Java Runtime Environment to continue.
# Native memory allocation (mmap) failed to map 132120576 bytes. Error detail: G1 virtual space
# Possible reasons:
#   The system is out of physical RAM or swap space
#   This process is running with CompressedOops enabled, and the Java Heap may be blocking the growth of the native heap
# Possible solutions:
#   Reduce memory load on the system
#   Increase physical memory or swap space
#   Check if swap backing store is full
#   Decrease Java heap size (-Xmx/-Xms)
#   Decrease number of Java threads
#   Decrease Java thread stack sizes (-Xss)
#   Set larger code cache with -XX:ReservedCodeCacheSize=
#   JVM is running with Unscaled Compressed Oops mode in which the Java heap is
#     placed in the first 4GB address space. The Java Heap base address is the
#     maximum limit for the native heap growth. Please use -XX:HeapBaseMinAddress
#     to set the Java Heap base and to place the Java Heap above 4GB virtual address.
# This output file may be truncated or incomplete.
#
#  Out of Memory Error (os_windows.cpp:3686), pid=14200, tid=18488
#
# JRE version:  (21.0.6+7) (build )
# Java VM: OpenJDK 64-Bit Server VM (21.0.6+7-LTS, mixed mode, sharing, tiered, compressed oops, compressed class ptrs, g1 gc, windows-amd64)
# No core dump will be written. Minidumps are not enabled by default on client versions of Windows
#

---------------  S U M M A R Y ------------

Command Line: -Dmaven.multiModuleProjectDirectory=D:\phuc\Java\cinema-website -Djansi.passthrough=true -Dmaven.home=C:\Users\ADMIN\.m2\wrapper\dists\apache-maven-3.9.5-bin\2adeog8mj13csp1uusqnc1f2mo\apache-maven-3.9.5 -Dclassworlds.conf=C:\Users\ADMIN\.m2\wrapper\dists\apache-maven-3.9.5-bin\2adeog8mj13csp1uusqnc1f2mo\apache-maven-3.9.5\bin\m2.conf -Dmaven.ext.class.path=D:\IntellliJ\IntelliJ IDEA Community Edition 2024.3.5\plugins\maven\lib\maven-event-listener.jar -javaagent:D:\IntellliJ\IntelliJ IDEA Community Edition 2024.3.5\lib\idea_rt.jar=56501 -Dfile.encoding=UTF-8 -Dsun.stdout.encoding=UTF-8 -Dsun.stderr.encoding=UTF-8 org.codehaus.classworlds.Launcher -Didea.version=2024.3.5 clean

Host: 11th Gen Intel(R) Core(TM) i5-1135G7 @ 2.40GHz, 8 cores, 7G,  Windows 11 , 64 bit Build 26100 (10.0.26100.3775)
Time: Thu May  1 22:33:20 2025 SE Asia Standard Time elapsed time: 0.021848 seconds (0d 0h 0m 0s)

---------------  T H R E A D  ---------------

Current thread (0x000001c84809ce60):  JavaThread "Unknown thread" [_thread_in_vm, id=18488, stack(0x0000003ecb300000,0x0000003ecb400000) (1024K)]

Stack: [0x0000003ecb300000,0x0000003ecb400000]
Native frames: (J=compiled Java code, j=interpreted, Vv=VM code, C=native code)
V  [jvm.dll+0x6da5e9]
V  [jvm.dll+0x8b6b73]
V  [jvm.dll+0x8b8ece]
V  [jvm.dll+0x8b95b3]
V  [jvm.dll+0x286256]
V  [jvm.dll+0x6d6ea5]
V  [jvm.dll+0x6cabba]
V  [jvm.dll+0x35f57b]
V  [jvm.dll+0x367146]
V  [jvm.dll+0x3b9416]
V  [jvm.dll+0x3b96e8]
V  [jvm.dll+0x332c6c]
V  [jvm.dll+0x33395b]
V  [jvm.dll+0x87ee59]
V  [jvm.dll+0x3c65d1]
V  [jvm.dll+0x868173]
V  [jvm.dll+0x45a4ee]
V  [jvm.dll+0x45c171]
C  [jli.dll+0x52ab]
C  [ucrtbase.dll+0x37b0]
C  [KERNEL32.DLL+0x2e8d7]
C  [ntdll.dll+0xb14fc]


---------------  P R O C E S S  ---------------

Threads class SMR info:
_java_thread_list=0x00007ffc2837a088, length=0, elements={
}

Java Threads: ( => current thread )
Total: 0

Other Threads:
  0x000001c8480f3780 WorkerThread "GC Thread#0"                     [id=18792, stack(0x0000003ecb400000,0x0000003ecb500000) (1024K)]
  0x000001c848103f30 ConcurrentGCThread "G1 Main Marker"            [id=12056, stack(0x0000003ecb500000,0x0000003ecb600000) (1024K)]
  0x000001c8481057c0 WorkerThread "G1 Conc#0"                       [id=11348, stack(0x0000003ecb600000,0x0000003ecb700000) (1024K)]

[error occurred during error reporting (printing all threads), id 0xc0000005, EXCEPTION_ACCESS_VIOLATION (0xc0000005) at pc=0x00007ffc27a75d27]
VM state: not at safepoint (not fully initialized)

VM Mutex/Monitor currently owned by a thread:  ([mutex/lock_event])
[0x00007ffc283ee420] Heap_lock - owner thread: 0x000001c84809ce60

Heap address: 0x0000000083a00000, size: 1990 MB, Compressed Oops mode: 32-bit

CDS archive(s) mapped at: [0x0000000000000000-0x0000000000000000-0x0000000000000000), size 0, SharedBaseAddress: 0x0000000800000000, ArchiveRelocationMode: 1.
Narrow klass base: 0x0000000000000000, Narrow klass shift: 0, Narrow klass range: 0x0

GC Precious Log:
 CardTable entry size: 512
 Card Set container configuration: InlinePtr #cards 5 size 8 Array Of Cards #cards 12 size 40 Howl #buckets 4 coarsen threshold 1843 Howl Bitmap #cards 512 size 80 coarsen threshold 460 Card regions per heap region 1 cards per card region 2048

Heap:
 garbage-first heap   total 0K, used 0K [0x0000000083a00000, 0x0000000100000000)
  region size 1024K, 0 young (0K), 0 survivors (0K)

[error occurred during error reporting (printing heap information), id 0xc0000005, EXCEPTION_ACCESS_VIOLATION (0xc0000005) at pc=0x00007ffc27e64059]
GC Heap History (0 events):
No events

Dll operation events (1 events):
Event: 0.017 Loaded shared library D:\Amazon\bin\java.dll

Deoptimization events (0 events):
No events

Classes loaded (0 events):
No events

Classes unloaded (0 events):
No events

Classes redefined (0 events):
No events

Internal exceptions (0 events):
No events

ZGC Phase Switch (0 events):
No events

VM Operations (0 events):
No events

Memory protections (0 events):
No events

Nmethod flushes (0 events):
No events

Events (0 events):
No events


Dynamic libraries:
0x00007ff6c0f30000 - 0x00007ff6c0f3e000 	D:\Amazon\bin\java.exe
0x00007ffceb440000 - 0x00007ffceb6a0000 	C:\WINDOWS\SYSTEM32\ntdll.dll
0x00007ffce9a00000 - 0x00007ffce9ac7000 	C:\WINDOWS\System32\KERNEL32.DLL
0x00007ffce8cf0000 - 0x00007ffce90ba000 	C:\WINDOWS\System32\KERNELBASE.dll
0x00007ffce90c0000 - 0x00007ffce920b000 	C:\WINDOWS\System32\ucrtbase.dll
0x00007ffcaae70000 - 0x00007ffcaae88000 	D:\Amazon\bin\jli.dll
0x00007ffc8e5a0000 - 0x00007ffc8e5bb000 	D:\Amazon\bin\VCRUNTIME140.dll
0x00007ffceb150000 - 0x00007ffceb31c000 	C:\WINDOWS\System32\USER32.dll
0x00007ffccc130000 - 0x00007ffccc3c7000 	C:\WINDOWS\WinSxS\amd64_microsoft.windows.common-controls_6595b64144ccf1df_6.0.26100.3624_none_3e086962e3345f24\COMCTL32.dll
0x00007ffce9210000 - 0x00007ffce9237000 	C:\WINDOWS\System32\win32u.dll
0x00007ffceb340000 - 0x00007ffceb3e9000 	C:\WINDOWS\System32\msvcrt.dll
0x00007ffceaa30000 - 0x00007ffceaa5a000 	C:\WINDOWS\System32\GDI32.dll
0x00007ffce86d0000 - 0x00007ffce8801000 	C:\WINDOWS\System32\gdi32full.dll
0x00007ffce8620000 - 0x00007ffce86c3000 	C:\WINDOWS\System32\msvcp_win.dll
0x00007ffce92a0000 - 0x00007ffce92cf000 	C:\WINDOWS\System32\IMM32.DLL
0x00007ffcb88e0000 - 0x00007ffcb88ec000 	D:\Amazon\bin\vcruntime140_1.dll
0x00007ffc6fe70000 - 0x00007ffc6fefd000 	D:\Amazon\bin\msvcp140.dll
0x00007ffc27730000 - 0x00007ffc284cf000 	D:\Amazon\bin\server\jvm.dll
0x00007ffceae70000 - 0x00007ffceaf22000 	C:\WINDOWS\System32\ADVAPI32.dll
0x00007ffce9560000 - 0x00007ffce9606000 	C:\WINDOWS\System32\sechost.dll
0x00007ffceb030000 - 0x00007ffceb146000 	C:\WINDOWS\System32\RPCRT4.dll
0x00007ffce9ae0000 - 0x00007ffce9b54000 	C:\WINDOWS\System32\WS2_32.dll
0x00007ffce8490000 - 0x00007ffce84ee000 	C:\WINDOWS\SYSTEM32\POWRPROF.dll
0x00007ffcd5ea0000 - 0x00007ffcd5eab000 	C:\WINDOWS\SYSTEM32\VERSION.dll
0x00007ffcdf4c0000 - 0x00007ffcdf4f6000 	C:\WINDOWS\SYSTEM32\WINMM.dll
0x00007ffce8450000 - 0x00007ffce8464000 	C:\WINDOWS\SYSTEM32\UMPDC.dll
0x00007ffce7430000 - 0x00007ffce744a000 	C:\WINDOWS\SYSTEM32\kernel.appcore.dll
0x00007ffcb7040000 - 0x00007ffcb704a000 	D:\Amazon\bin\jimage.dll
0x00007ffce5d90000 - 0x00007ffce5fd1000 	C:\WINDOWS\SYSTEM32\DBGHELP.DLL
0x00007ffceaa60000 - 0x00007ffceade2000 	C:\WINDOWS\System32\combase.dll
0x00007ffce92e0000 - 0x00007ffce93b6000 	C:\WINDOWS\System32\OLEAUT32.dll
0x00007ffcc5ef0000 - 0x00007ffcc5f29000 	C:\WINDOWS\SYSTEM32\dbgcore.DLL
0x00007ffce8980000 - 0x00007ffce8a19000 	C:\WINDOWS\System32\bcryptPrimitives.dll
0x00007ffccc3d0000 - 0x00007ffccc3de000 	D:\Amazon\bin\instrument.dll
0x00007ffc8e040000 - 0x00007ffc8e05f000 	D:\Amazon\bin\java.dll

dbghelp: loaded successfully - version: 4.0.5 - missing functions: none
symbol engine: initialized successfully - sym options: 0x614 - pdb path: .;D:\Amazon\bin;C:\WINDOWS\SYSTEM32;C:\WINDOWS\WinSxS\amd64_microsoft.windows.common-controls_6595b64144ccf1df_6.0.26100.3624_none_3e086962e3345f24;D:\Amazon\bin\server

VM Arguments:
jvm_args: -Dmaven.multiModuleProjectDirectory=D:\phuc\Java\cinema-website -Djansi.passthrough=true -Dmaven.home=C:\Users\ADMIN\.m2\wrapper\dists\apache-maven-3.9.5-bin\2adeog8mj13csp1uusqnc1f2mo\apache-maven-3.9.5 -Dclassworlds.conf=C:\Users\ADMIN\.m2\wrapper\dists\apache-maven-3.9.5-bin\2adeog8mj13csp1uusqnc1f2mo\apache-maven-3.9.5\bin\m2.conf -Dmaven.ext.class.path=D:\IntellliJ\IntelliJ IDEA Community Edition 2024.3.5\plugins\maven\lib\maven-event-listener.jar -javaagent:D:\IntellliJ\IntelliJ IDEA Community Edition 2024.3.5\lib\idea_rt.jar=56501 -Dfile.encoding=UTF-8 -Dsun.stdout.encoding=UTF-8 -Dsun.stderr.encoding=UTF-8 
java_command: org.codehaus.classworlds.Launcher -Didea.version=2024.3.5 clean
java_class_path (initial): C:\Users\ADMIN\.m2\wrapper\dists\apache-maven-3.9.5-bin\2adeog8mj13csp1uusqnc1f2mo\apache-maven-3.9.5\boot\plexus-classworlds-2.7.0.jar;C:\Users\ADMIN\.m2\wrapper\dists\apache-maven-3.9.5-bin\2adeog8mj13csp1uusqnc1f2mo\apache-maven-3.9.5\boot\plexus-classworlds.license
Launcher Type: SUN_STANDARD

[Global flags]
     intx CICompilerCount                          = 4                                         {product} {ergonomic}
     uint ConcGCThreads                            = 2                                         {product} {ergonomic}
     uint G1ConcRefinementThreads                  = 8                                         {product} {ergonomic}
   size_t G1HeapRegionSize                         = 1048576                                   {product} {ergonomic}
    uintx GCDrainStackTargetSize                   = 64                                        {product} {ergonomic}
   size_t InitialHeapSize                          = 132120576                                 {product} {ergonomic}
   size_t MarkStackSize                            = 4194304                                   {product} {ergonomic}
   size_t MaxHeapSize                              = 2086666240                                {product} {ergonomic}
   size_t MinHeapDeltaBytes                        = 1048576                                   {product} {ergonomic}
   size_t MinHeapSize                              = 8388608                                   {product} {ergonomic}
    uintx NonNMethodCodeHeapSize                   = 5839372                                {pd product} {ergonomic}
    uintx NonProfiledCodeHeapSize                  = 122909434                              {pd product} {ergonomic}
    uintx ProfiledCodeHeapSize                     = 122909434                              {pd product} {ergonomic}
    uintx ReservedCodeCacheSize                    = 251658240                              {pd product} {ergonomic}
     bool SegmentedCodeCache                       = true                                      {product} {ergonomic}
   size_t SoftMaxHeapSize                          = 2086666240                             {manageable} {ergonomic}
     bool UseCompressedOops                        = true                           {product lp64_product} {ergonomic}
     bool UseG1GC                                  = true                                      {product} {ergonomic}
     bool UseLargePagesIndividualAllocation        = false                                  {pd product} {ergonomic}

Logging:
Log output configuration:
 #0: stdout all=warning uptime,level,tags foldmultilines=false
 #1: stderr all=off uptime,level,tags foldmultilines=false

Environment Variables:
JAVA_HOME=C:\Program Files\Java\jdk-17
PATH=C:\Program Files\Common Files\Oracle\Java\javapath;C:\Program Files (x86)\Common Files\Oracle\Java\java8path;C:\Program Files (x86)\Common Files\Oracle\Java\javapath;c:\Users\ADMIN\AppData\Local\Programs\cursor\resources\app\bin;C:\Python312\Scripts\;C:\Python312\;C:\Windows\system32;C:\Windows;C:\Windows\System32\Wbem;C:\Windows\System32\WindowsPowerShell\v1.0\;C:\Windows\System32\OpenSSH\;D:\Git\cmd;C:\ProgramData\chocolatey\bin;C:\Program Files\dotnet\;D:\npm-global;C:\Program Files\nodejs\;C:\Users\ADMIN\AppData\Local\Microsoft\WindowsApps;C:\Users\ADMIN\.dotnet\tools;C:\Users\ADMIN\AppData\Local\GitHubDesktop\bin;C:\Users\ADMIN\AppData\Roaming\npm;C:\Program Files\Docker\Docker\resources\bin;C:\Program Files (x86)\Microsoft SQL Server\160\Tools\Binn\;C:\Program Files\Microsoft SQL Server\160\Tools\Binn\;C:\Program Files\Microsoft SQL Server\Client SDK\ODBC\170\Tools\Binn\;C:\Program Files\Microsoft SQL Server\160\DTS\Binn\;C:\WINDOWS\system32;C:\WINDOWS;C:\WINDOWS\System32\Wbem;C:\WINDOWS\System32\WindowsPowerShell\v1.0\;C:\WINDOWS\System32\OpenSSH\;C:\Users\ADMIN\AppData\Local\Microsoft\WindowsApps;C:\Users\ADMIN\AppData\Local\Programs\Microsoft VS Code\bin;C:\Users\ADMIN\.dotnet\tools;C:\Users\ADMIN\AppData\Roaming\npm;D:\msys2\ucrt64\bin;D:\multipass\bin;D:\IntellliJ\IntelliJ IDEA Community Edition 2024.3.5\bin;
USERNAME=ADMIN
OS=Windows_NT
PROCESSOR_IDENTIFIER=Intel64 Family 6 Model 140 Stepping 1, GenuineIntel
TMP=C:\Users\ADMIN\AppData\Local\Temp
TEMP=C:\Users\ADMIN\AppData\Local\Temp




Periodic native trim disabled

---------------  S Y S T E M  ---------------

OS:
 Windows 11 , 64 bit Build 26100 (10.0.26100.3775)
OS uptime: 1 days 5:50 hours
Hyper-V role detected

CPU: total 8 (initial active 8) (4 cores per cpu, 2 threads per core) family 6 model 140 stepping 1 microcode 0xac, cx8, cmov, fxsr, ht, mmx, 3dnowpref, sse, sse2, sse3, ssse3, sse4.1, sse4.2, popcnt, lzcnt, tsc, tscinvbit, avx, avx2, aes, erms, clmul, bmi1, bmi2, adx, avx512f, avx512dq, avx512cd, avx512bw, avx512vl, sha, fma, vzeroupper, avx512_vpopcntdq, avx512_vpclmulqdq, avx512_vaes, avx512_vnni, clflush, clflushopt, clwb, avx512_vbmi2, avx512_vbmi, hv, rdtscp, rdpid, fsrm, gfni, avx512_bitalg, f16c, cet_ibt, cet_ss, avx512_ifma
Processor Information for the first 8 processors :
  Max Mhz: 2419, Current Mhz: 2419, Mhz Limit: 2419

Memory: 4k page, system-wide physical 7957M (734M free)
TotalPageFile size 16807M (AvailPageFile size 72M)
current process WorkingSet (physical memory assigned to process): 12M, peak: 12M
current process commit charge ("private bytes"): 60M, peak: 186M

vm_info: OpenJDK 64-Bit Server VM (21.0.6+7-LTS) for windows-amd64 JRE (21.0.6+7-LTS), built on 2025-01-07T23:42:01Z by "Administrator" with MS VC++ 16.10 / 16.11 (VS2019)

END.
